<?xml version="1.0" encoding="UTF-8"?>
<testsuite name="ohtuesimerkki.StatisticsTest" tests="4" skipped="0" failures="0" errors="0" timestamp="2020-01-24T14:35:25" hostname="lx8-fuxi079" time="0.004">
  <properties/>
  <testcase name="topScorersToimii" classname="ohtuesimerkki.StatisticsTest" time="0.003"/>
  <testcase name="pelaajanHakuPalauttaaTyhjanJosPelaajaaEiOle" classname="ohtuesimerkki.StatisticsTest" time="0.0"/>
  <testcase name="pelaajanHakuToimii" classname="ohtuesimerkki.StatisticsTest" time="0.0"/>
  <testcase name="tiiminHakuToimii" classname="ohtuesimerkki.StatisticsTest" time="0.0"/>
  <system-out><![CDATA[]]></system-out>
  <system-err><![CDATA[]]></system-err>
</testsuite>
