<?xml version="1.0" encoding="UTF-8"?>
<testsuite name="ohtu.matkakortti.KassapaateTest" tests="4" skipped="0" failures="0" errors="0" timestamp="2020-03-27T08:28:08" hostname="lx8-fuxi079" time="0.351">
  <properties/>
  <testcase name="kortiltaVelotetaanHintaJosRahaaOn" classname="ohtu.matkakortti.KassapaateTest" time="0.339"/>
  <testcase name="LataaMetodiLisaaKortinSaldoaPositiivisellaArvolla" classname="ohtu.matkakortti.KassapaateTest" time="0.0"/>
  <testcase name="LataaMetodiEiLisaaKortinSaldoaNegatiivisellaArvolla" classname="ohtu.matkakortti.KassapaateTest" time="0.001"/>
  <testcase name="kortiltaEiVelotetaJosRahaEiRiita" classname="ohtu.matkakortti.KassapaateTest" time="0.007"/>
  <system-out><![CDATA[]]></system-out>
  <system-err><![CDATA[]]></system-err>
</testsuite>
