<?xml version="1.0" encoding="UTF-8"?>
<testsuite name="ohtu.verkkokauppa.KauppaTest" tests="8" skipped="0" failures="0" errors="0" timestamp="2020-03-27T10:35:48" hostname="lx8-fuxi079" time="0.763">
  <properties/>
  <testcase name="nollaaEdellisetTiedot" classname="ohtu.verkkokauppa.KauppaTest" time="0.742"/>
  <testcase name="jokaiselleMaksutapahtumalleOmaViitenumero" classname="ohtu.verkkokauppa.KauppaTest" time="0.004"/>
  <testcase name="kaksiSamaaTuotettaJoitaVarastossaOn" classname="ohtu.verkkokauppa.KauppaTest" time="0.003"/>
  <testcase name="ostoksenPaaytyttyaPankinMetodiaTilisiirtoKutsutaanOikeillaParametreilla" classname="ohtu.verkkokauppa.KauppaTest" time="0.002"/>
  <testcase name="kaksiEriTuotettaJoitaVarastossaOn" classname="ohtu.verkkokauppa.KauppaTest" time="0.003"/>
  <testcase name="ostoksenPaaytyttyaPankinMetodiaTilisiirtoKutsutaan" classname="ohtu.verkkokauppa.KauppaTest" time="0.002"/>
  <testcase name="poistaKoristaToimii" classname="ohtu.verkkokauppa.KauppaTest" time="0.003"/>
  <testcase name="yksiJotaOnYksiJotaEiOle" classname="ohtu.verkkokauppa.KauppaTest" time="0.002"/>
  <system-out><![CDATA[]]></system-out>
  <system-err><![CDATA[]]></system-err>
</testsuite>
