<?xml version="1.0" encoding="UTF-8"?>
<testsuite name="ohtu.verkkokauppa.KauppaTest" tests="5" skipped="0" failures="0" errors="0" timestamp="2020-03-27T09:44:04" hostname="lx8-fuxi079" time="0.384">
  <properties/>
  <testcase name="kaksiSamaaTuotettaJoitaVarastossaOn" classname="ohtu.verkkokauppa.KauppaTest" time="0.377"/>
  <testcase name="ostoksenPaaytyttyaPankinMetodiaTilisiirtoKutsutaanOikeillaParametreilla" classname="ohtu.verkkokauppa.KauppaTest" time="0.002"/>
  <testcase name="kaksiEriTuotettaJoitaVarastossaOn" classname="ohtu.verkkokauppa.KauppaTest" time="0.002"/>
  <testcase name="ostoksenPaaytyttyaPankinMetodiaTilisiirtoKutsutaan" classname="ohtu.verkkokauppa.KauppaTest" time="0.001"/>
  <testcase name="yksiJotaOnYksiJotaEiOle" classname="ohtu.verkkokauppa.KauppaTest" time="0.002"/>
  <system-out><![CDATA[]]></system-out>
  <system-err><![CDATA[]]></system-err>
</testsuite>
